<?xml version="1.0" encoding="UTF-8"?>
<!-- Generated by org.testng.reporters.JUnitReportReporter -->
<testsuite hostname="Debaprasad" failures="0" tests="4" name="com.DataDriven.Testing.DataProviderAnnotation" time="16.501" errors="0" timestamp="2022-10-29T15:52:44 IST" skipped="0">
  <testcase classname="com.DataDriven.Testing.DataProviderAnnotation" name="loginTest" time="11.555"/>
  <system-out/>
  <testcase classname="com.DataDriven.Testing.DataProviderAnnotation" name="loginTest" time="1.493"/>
  <system-out/>
  <testcase classname="com.DataDriven.Testing.DataProviderAnnotation" name="loginTest" time="2.030"/>
  <system-out/>
  <testcase classname="com.DataDriven.Testing.DataProviderAnnotation" name="loginTest" time="1.423"/>
  <system-out/>
</testsuite> <!-- com.DataDriven.Testing.DataProviderAnnotation -->
