<?xml version="1.0" encoding="UTF-8"?>
<!-- Generated by org.testng.reporters.JUnitReportReporter -->
<testsuite hostname="Debaprasad" failures="0" tests="1" name="com.googlesearch.extentreport.ExtentReport_Using_TestNG" time="10.419" errors="0" timestamp="2022-10-26T21:36:56 IST" skipped="0">
  <testcase classname="com.googlesearch.extentreport.ExtentReport_Using_TestNG" name="MainMethod" time="10.419"/>
  <system-out/>
</testsuite> <!-- com.googlesearch.extentreport.ExtentReport_Using_TestNG -->
