<?xml version="1.0" encoding="UTF-8"?>
<!-- Generated by org.testng.reporters.JUnitReportReporter -->
<testsuite hostname="Debaprasad" failures="0" tests="1" name="com.dynamicdropdown.Google.DynamicDropdown" time="27.938" errors="0" timestamp="2022-10-16T19:29:03 IST" skipped="0">
  <testcase classname="com.dynamicdropdown.Google.DynamicDropdown" name="dropdown" time="27.938"/>
  <system-out/>
</testsuite> <!-- com.dynamicdropdown.Google.DynamicDropdown -->
