<?xml version="1.0" encoding="UTF-8"?>
<!-- Generated by org.testng.reporters.JUnitReportReporter -->
<testsuite hostname="Debaprasad" failures="0" tests="1" name="com.DataDriven.Testing.DataReadFrom_Excel" time="6.725" errors="0" timestamp="2022-10-16T21:38:04 IST" skipped="0">
  <testcase classname="com.DataDriven.Testing.DataReadFrom_Excel" name="readdata" time="6.725"/>
  <system-out/>
</testsuite> <!-- com.DataDriven.Testing.DataReadFrom_Excel -->
